2013:09:10 10:33:06 | Начало работы
2013:09:10 10:33:06 | Режим охлаждения УВО
2013:09:10 10:40:51 | Начало работы
2013:09:10 10:40:51 | Режим охлаждения УВО
2013:09:10 11:01:12 | Начало работы
2013:09:10 11:01:12 | Режим охлаждения УВО
2013:09:10 11:03:10 | Начало работы
2013:09:10 11:03:10 | Режим охлаждения УВО
<<<<<<< Updated upstream
=======
 | Начало работы
 | Режим охлаждения УВО
 | Начало работы
 | Режим охлаждения УВО
 | Начало работы
 | Режим охлаждения УВО
 | Начало работы
 | Режим охлаждения УВО
 | Начало работы
 | Режим охлаждения УВО
 | Начало работы
 | Режим охлаждения УВО
 | Начало работы
 | Режим охлаждения УВО
 | Начало работы
 | Режим охлаждения УВО
 | Режим авария кондиционеров
 | Начало работы
 | Режим охлаждения УВО
 | Режим охлаждения кондиционером
 | Начало работы
 | Режим охлаждения УВО
 | Начало работы
 | Режим охлаждения УВО
 | Режим догрева сайта
 | Режим охлаждения кондиционером
 | Начало работы
 | Режим охлаждения УВО
 | Режим охлаждения кондиционером
 | Начало работы
 | Режим охлаждения УВО
 | Режим охлаждения кондиционером
 | Начало работы
 | Режим охлаждения УВО
 | Режим охлаждения кондиционером
 | Начало работы
 | Режим охлаждения УВО
 | Режим охлаждения кондиционером
 | Начало работы
 | Режим охлаждения УВО
 | Режим охлаждения кондиционером
 | Начало работы
 | Режим охлаждения УВО
 | Режим охлаждения кондиционером
 | Начало работы
 | Режим охлаждения УВО
 | Режим охлаждения кондиционером
 | Начало работы
 | Режим охлаждения УВО
 | Режим охлаждения кондиционером
 | Начало работы
 | Режим охлаждения УВО
 | Режим охлаждения кондиционером
 | Начало работы
 | Режим охлаждения УВО
 | Режим охлаждения кондиционером
 | Начало работы
 | Режим охлаждения УВО
 | Режим охлаждения кондиционером
 | Начало работы
 | Режим охлаждения УВО
 | Режим охлаждения кондиционером
 | Начало работы
 | Режим охлаждения УВО
 | Режим охлаждения кондиционером
 | Начало работы
 | Режим охлаждения УВО
 | Режим охлаждения кондиционером
>>>>>>> Stashed changes
